<?xml version="1.0" encoding="UTF-8"?>
<testng-results ignored="0" total="1" passed="1" failed="0" skipped="0">
  <reporter-output>
  </reporter-output>
  <suite started-at="2021-06-09T10:02:12 IST" name="Default suite" finished-at="2021-06-09T10:02:47 IST" duration-ms="34951">
    <groups>
    </groups>
    <test started-at="2021-06-09T10:02:12 IST" name="Default test" finished-at="2021-06-09T10:02:47 IST" duration-ms="34951">
      <class name="com.cyient.base.FindCruise">
        <test-method is-config="true" signature="setup()[pri:0, instance:com.cyient.base.FindCruise@6a6afff2]" started-at="2021-06-09T10:02:12 IST" name="setup" finished-at="2021-06-09T10:02:32 IST" duration-ms="19953" status="PASS">
          <reporter-output>
          </reporter-output>
        </test-method> <!-- setup -->
        <test-method signature="findCruise()[pri:0, instance:com.cyient.base.FindCruise@6a6afff2]" started-at="2021-06-09T10:02:32 IST" name="findCruise" finished-at="2021-06-09T10:02:45 IST" duration-ms="12984" status="PASS">
          <reporter-output>
          </reporter-output>
        </test-method> <!-- findCruise -->
        <test-method is-config="true" signature="teardown()[pri:0, instance:com.cyient.base.FindCruise@6a6afff2]" started-at="2021-06-09T10:02:45 IST" name="teardown" finished-at="2021-06-09T10:02:47 IST" duration-ms="1925" status="PASS">
          <reporter-output>
          </reporter-output>
        </test-method> <!-- teardown -->
      </class> <!-- com.cyient.base.FindCruise -->
    </test> <!-- Default test -->
  </suite> <!-- Default suite -->
</testng-results>
